-------------------------------------------------------------------------------
Test set: Scenario: Login to Prutopia App Navigate to Home Screen and Validate Home Page Elements
-------------------------------------------------------------------------------
Tests run: 1, Failures: 0, Errors: 1, Skipped: 0, Time elapsed: 12.754 sec <<< FAILURE! - in Scenario: Login to Prutopia App Navigate to Home Screen and Validate Home Page Elements
When User Opens Prutopia Application and navigated to Azure Directory for Login(Scenario: Login to Prutopia App Navigate to Home Screen and Validate Home Page Elements)  Time elapsed: 0.031 sec  <<< ERROR!
java.lang.NullPointerException: null
	at org.openqa.selenium.support.ui.ExpectedConditions.elementIfVisible(ExpectedConditions.java:301)
	at org.openqa.selenium.support.ui.ExpectedConditions.access$100(ExpectedConditions.java:43)
	at org.openqa.selenium.support.ui.ExpectedConditions$10.apply(ExpectedConditions.java:287)
	at org.openqa.selenium.support.ui.ExpectedConditions$10.apply(ExpectedConditions.java:284)
	at org.openqa.selenium.support.ui.FluentWait.until(FluentWait.java:208)
	at pageobjects.LoginPage.user_is_navigated_to_Azure_Directory_for_Login(LoginPage.java:71)
	at step_definitions.StepDefinitions.user_is_navigated_to_Azure_Directory_for_Login(StepDefinitions.java:59)
	at ?.When User Opens Prutopia Application and navigated to Azure Directory for Login(features/1Login.feature:5)

