-------------------------------------------------------------------------------
Test set: step_definitions.RunCukesTest
-------------------------------------------------------------------------------
Tests run: 1, Failures: 0, Errors: 1, Skipped: 0, Time elapsed: 0.028 sec <<< FAILURE! - in step_definitions.RunCukesTest
initializationError(step_definitions.RunCukesTest)  Time elapsed: 0.016 sec  <<< ERROR!
gherkin.TagExpression$BadTagException: Bad tag: "LoginNegative"
	at gherkin.TagExpression$TagExp.<init>(TagExpression.java:122)
	at gherkin.TagExpression.add(TagExpression.java:57)
	at gherkin.TagExpression.<init>(TagExpression.java:17)
	at cucumber.runtime.java.JavaHookDefinition.<init>(JavaHookDefinition.java:27)
	at cucumber.runtime.java.JavaBackend.addHook(JavaBackend.java:142)
	at cucumber.runtime.java.MethodScanner.scan(MethodScanner.java:66)
	at cucumber.runtime.java.MethodScanner.scan(MethodScanner.java:41)
	at cucumber.runtime.java.JavaBackend.loadGlue(JavaBackend.java:78)
	at cucumber.runtime.Runtime.<init>(Runtime.java:90)
	at cucumber.runtime.Runtime.<init>(Runtime.java:68)
	at cucumber.runtime.Runtime.<init>(Runtime.java:64)
	at com.github.mkolisnyk.cucumber.runner.ExtendedCucumber.createRuntime(ExtendedCucumber.java:96)
	at com.github.mkolisnyk.cucumber.runner.ExtendedCucumber.<init>(ExtendedCucumber.java:50)
	at java.base/jdk.internal.reflect.NativeConstructorAccessorImpl.newInstance0(Native Method)
	at java.base/jdk.internal.reflect.NativeConstructorAccessorImpl.newInstance(NativeConstructorAccessorImpl.java:62)
	at java.base/jdk.internal.reflect.DelegatingConstructorAccessorImpl.newInstance(DelegatingConstructorAccessorImpl.java:45)
	at java.base/java.lang.reflect.Constructor.newInstance(Constructor.java:488)
	at org.junit.internal.builders.AnnotatedBuilder.buildRunner(AnnotatedBuilder.java:29)
	at org.junit.internal.builders.AnnotatedBuilder.runnerForClass(AnnotatedBuilder.java:21)
	at org.junit.runners.model.RunnerBuilder.safeRunnerForClass(RunnerBuilder.java:59)
	at org.junit.internal.builders.AllDefaultPossibilitiesBuilder.runnerForClass(AllDefaultPossibilitiesBuilder.java:26)
	at org.junit.runner.Computer.getRunner(Computer.java:40)
	at org.junit.runner.Computer$1.runnerForClass(Computer.java:31)
	at org.junit.runners.model.RunnerBuilder.safeRunnerForClass(RunnerBuilder.java:59)
	at org.junit.runners.model.RunnerBuilder.runners(RunnerBuilder.java:101)
	at org.junit.runners.model.RunnerBuilder.runners(RunnerBuilder.java:87)
	at org.junit.runners.Suite.<init>(Suite.java:80)
	at org.junit.runner.Computer.getSuite(Computer.java:28)
	at org.junit.runner.Request.classes(Request.java:75)
	at org.apache.maven.surefire.junitcore.JUnitCoreWrapper.createRequestAndRun(JUnitCoreWrapper.java:96)
	at org.apache.maven.surefire.junitcore.JUnitCoreWrapper.executeEager(JUnitCoreWrapper.java:77)
	at org.apache.maven.surefire.junitcore.JUnitCoreWrapper.execute(JUnitCoreWrapper.java:53)
	at org.apache.maven.surefire.junitcore.JUnitCoreProvider.invoke(JUnitCoreProvider.java:144)
	at org.apache.maven.surefire.booter.ForkedBooter.invokeProviderInSameClassLoader(ForkedBooter.java:203)
	at org.apache.maven.surefire.booter.ForkedBooter.runSuitesInProcess(ForkedBooter.java:155)
	at org.apache.maven.surefire.booter.ForkedBooter.main(ForkedBooter.java:103)

