<?xml version="1.0" encoding="UTF-8"?>
<testsuite name="Scenario: Login to Prutopia App Navigate to Home Screen and Validate Home Page Elements" time="0.031" tests="1" errors="1" skipped="0" failures="0">
  <properties>
[...]
</properties>
  <testcase name="When User Opens Prutopia Application and navigated to Azure Directory for Login" classname="Scenario: Login to Prutopia App Navigate to Home Screen and Validate Home Page Elements" time="0.031">
    <error type="java.lang.NullPointerException:">java.lang.NullPointerException: null
	at org.openqa.selenium.support.ui.ExpectedConditions.elementIfVisible(ExpectedConditions.java:301)
	at org.openqa.selenium.support.ui.ExpectedConditions.access$100(ExpectedConditions.java:43)
	at org.openqa.selenium.support.ui.ExpectedConditions$10.apply(ExpectedConditions.java:287)
	at org.openqa.selenium.support.ui.ExpectedConditions$10.apply(ExpectedConditions.java:284)
	at org.openqa.selenium.support.ui.FluentWait.until(FluentWait.java:208)
	at pageobjects.LoginPage.user_is_navigated_to_Azure_Directory_for_Login(LoginPage.java:71)
	at step_definitions.StepDefinitions.user_is_navigated_to_Azure_Directory_for_Login(StepDefinitions.java:59)
	at ✽.When User Opens Prutopia Application and navigated to Azure Directory for Login(features/1Login.feature:5)
</error>
    <system-out><![CDATA[Running Feature child (scenario)...
Begin scenario run...
successfully started
iOS App path: /Users/user/Library/Developer/Xcode/DerivedData/prutopia-bshhxtvrkfrofgazervrafchfnrm/Build/Products/Debug-iphonesimulator/prutopia.app
[HTTP] Could not start REST http interface listener. The requested port may already be in use. Please make sure there is no other instance of this server running already.
uncaughtException: listen EADDRINUSE 127.0.0.1:4723
	{"date":"Fri Apr 13 2018 10:49:10 GMT+0800 (+08)","process":{"pid":42714,"uid":502,"gid":20,"cwd":"/Users/user/Documents/CucumberAppium_Dev","execPath":"/usr/local/bin/node","version":"v8.10.0","argv":["/usr/local/bin/node","/usr/local/lib/node_modules/appium/build/lib/main.js","--port","4723","--address","127.0.0.1","--log-level","error","--session-override","--default-capabilities","{\"noReset\": \"false\"}"],"memoryUsage":{"rss":141860864,"heapTotal":115838976,"heapUsed":83784984,"external":176722}},"os":{"loadavg":[3.16064453125,2.97509765625,2.41162109375],"uptime":343684},"trace":[{"column":11,"file":"util.js","function":"Object._errnoException","line":1022,"method":"_errnoException","native":false},{"column":20,"file":"util.js","function":"_exceptionWithHostPort","line":1044,"method":null,"native":false},{"column":14,"file":"net.js","function":"Server.setupListenHandle [as _listen2]","line":1367,"method":"setupListenHandle [as _listen2]","native":false},{"column":12,"file":"net.js","function":"listenInCluster","line":1408,"method":null,"native":false},{"column":7,"file":"net.js","function":"doListen","line":1517,"method":null,"native":false},{"column":11,"file":"internal/process/next_tick.js","function":"_combinedTickCallback","line":141,"method":null,"native":false},{"column":9,"file":"internal/process/next_tick.js","function":"process._tickCallback","line":180,"method":"_tickCallback","native":false}],"stack":["Error: listen EADDRINUSE 127.0.0.1:4723","    at Object._errnoException (util.js:1022:11)","    at _exceptionWithHostPort (util.js:1044:20)","    at Server.setupListenHandle [as _listen2] (net.js:1367:14)","    at listenInCluster (net.js:1408:12)","    at doListen (net.js:1517:7)","    at _combinedTickCallback (internal/process/next_tick.js:141:11)","    at process._tickCallback (internal/process/next_tick.js:180:9)"]}
**************1******************
**************2******************
]]></system-out>
    <system-err><![CDATA[log4j:WARN No appenders could be found for logger (helpers.Log).
log4j:WARN Please initialize the log4j system properly.
log4j:WARN See http://logging.apache.org/log4j/1.2/faq.html#noconfig for more info.
Apr 13, 2018 10:49:16 AM org.openqa.selenium.remote.ProtocolHandshake createSession
INFO: Detected dialect: OSS
]]></system-err>
  </testcase>
</testsuite>