<?xml version="1.0" encoding="UTF-8"?>
<testsuite name="Scenario: User Request for Parking Slots" time="0.132" tests="18" errors="0" skipped="0" failures="0">
  <properties>
[...]
</properties>
  <testcase name="When User Login to Prutopia Application" classname="Scenario: Login to Prutopia Chat Box Application" time="0.021"/>
  <testcase name="When User Navigates to Chatbox Window" classname="Scenario: Login to Prutopia Chat Box Application" time="0"/>
  <testcase name="Then User Validates Elements in ChatBox Window" classname="Scenario: Login to Prutopia Chat Box Application" time="0"/>
  <testcase name="Scenario: Login to Prutopia Chat Box Application" classname="Scenario: Login to Prutopia Chat Box Application" time="0.084"/>
  <testcase name="When User Initiates Discusion with PruBuddy" classname="Scenario: User Request for Leave Balance" time="0"/>
  <testcase name="When User Request for  Leave Balance" classname="Scenario: User Request for Leave Balance" time="0"/>
  <testcase name="Then PruBuddy asks Job Level" classname="Scenario: User Request for Leave Balance" time="0"/>
  <testcase name="When User Enters Job Level" classname="Scenario: User Request for Leave Balance" time="0"/>
  <testcase name="Then PruBuddy asks for Term of Service" classname="Scenario: User Request for Leave Balance" time="0"/>
  <testcase name="When User Enter Term of Service" classname="Scenario: User Request for Leave Balance" time="0"/>
  <testcase name="Then PruBuddy Responds with Number of eligible leaves" classname="Scenario: User Request for Leave Balance" time="0"/>
  <testcase name="Scenario: User Request for Leave Balance" classname="Scenario: User Request for Leave Balance" time="0.008"/>
  <testcase name="When User Request for  Shares Eligibility" classname="Scenario: User Request for Share Price" time="0.001"/>
  <testcase name="Then PruBuddy responds about PRUSharePlus" classname="Scenario: User Request for Share Price" time="0"/>
  <testcase name="Scenario: User Request for Share Price" classname="Scenario: User Request for Share Price" time="0.011"/>
  <testcase name="When User Request for  Car Parking Slots" classname="Scenario: User Request for Parking Slots" time="0"/>
  <testcase name="Then PruBuddy responds about Available Parking Slots" classname="Scenario: User Request for Parking Slots" time="0"/>
  <testcase name="Scenario: User Request for Parking Slots" classname="Scenario: User Request for Parking Slots" time="0.007"/>
</testsuite>