<?xml version="1.0" encoding="UTF-8"?>
<testsuite name="| Who is my Hr Partner | HR-related matters |" time="0.018" tests="54" errors="0" skipped="0" failures="0">
  <properties>
[...]
</properties>
  <testcase name="When User Opens Prutopia Application and navigated to Azure Directory for Login" classname="| prutopia@azurepaloit.onmicrosoft.com | WrongPassword |" time="0.002"/>
  <testcase name="When User Enters Username &quot;prutopia@azurepaloit.onmicrosoft.com&quot;" classname="| prutopia@azurepaloit.onmicrosoft.com | WrongPassword |" time="0"/>
  <testcase name="Then User Clicks on Next Button" classname="| prutopia@azurepaloit.onmicrosoft.com | WrongPassword |" time="0"/>
  <testcase name="When User Enters Password &quot;WrongPassword&quot;" classname="| prutopia@azurepaloit.onmicrosoft.com | WrongPassword |" time="0"/>
  <testcase name="Then User Clicks on Sign in Button" classname="| prutopia@azurepaloit.onmicrosoft.com | WrongPassword |" time="0"/>
  <testcase name="Then User is able to see Login Error Message" classname="| prutopia@azurepaloit.onmicrosoft.com | WrongPassword |" time="0"/>
  <testcase name="| prutopia@azurepaloit.onmicrosoft.com | WrongPassword |" classname="| prutopia@azurepaloit.onmicrosoft.com | WrongPassword |" time="0.002"/>
  <testcase name="When User Opens Prutopia Application and navigated to Azure Directory for Login" classname="| prutopia@azurepaloit.onmicrosoft.com | Hugu81801 |" time="0"/>
  <testcase name="When User Enters Username &quot;prutopia@azurepaloit.onmicrosoft.com&quot;" classname="| prutopia@azurepaloit.onmicrosoft.com | Hugu81801 |" time="0"/>
  <testcase name="Then User Clicks on Next Button" classname="| prutopia@azurepaloit.onmicrosoft.com | Hugu81801 |" time="0"/>
  <testcase name="When User Enters Password &quot;Hugu81801&quot;" classname="| prutopia@azurepaloit.onmicrosoft.com | Hugu81801 |" time="0"/>
  <testcase name="Then User Clicks on Sign in Button" classname="| prutopia@azurepaloit.onmicrosoft.com | Hugu81801 |" time="0"/>
  <testcase name="Then User is Navigated to Home Page of the Application" classname="| prutopia@azurepaloit.onmicrosoft.com | Hugu81801 |" time="0"/>
  <testcase name="Then Elements in Home Page are Validated" classname="| prutopia@azurepaloit.onmicrosoft.com | Hugu81801 |" time="0"/>
  <testcase name="| prutopia@azurepaloit.onmicrosoft.com | Hugu81801 |" classname="| prutopia@azurepaloit.onmicrosoft.com | Hugu81801 |" time="0.001"/>
  <testcase name="When User Clicks on the Chat Icon at Bottom of Home Page" classname="Scenario: Navigating to PruBuddy and Perform Chat" time="0"/>
  <testcase name="Then User is navigated to the Chat Page of the Application" classname="Scenario: Navigating to PruBuddy and Perform Chat" time="0"/>
  <testcase name="Scenario: Navigating to PruBuddy and Perform Chat" classname="Scenario: Navigating to PruBuddy and Perform Chat" time="0.001"/>
  <testcase name="When User sends Request Text &quot;Hi&quot;" classname="| Hi | Hello, I am PRUBuddy,  your virtual assistant |" time="0"/>
  <testcase name="Then PruBuddy sends Response Text &quot;Hello, I am PRUBuddy,  your virtual assistant&quot;" classname="| Hi | Hello, I am PRUBuddy,  your virtual assistant |" time="0"/>
  <testcase name="| Hi | Hello, I am PRUBuddy,  your virtual assistant |" classname="| Hi | Hello, I am PRUBuddy,  your virtual assistant |" time="0.001"/>
  <testcase name="When User sends Request Text &quot;My Leave&quot;" classname="| My Leave | May I know what is your job level? |" time="0"/>
  <testcase name="Then PruBuddy sends Response Text &quot;May I know what is your job level?&quot;" classname="| My Leave | May I know what is your job level? |" time="0"/>
  <testcase name="| My Leave | May I know what is your job level? |" classname="| My Leave | May I know what is your job level? |" time="0.001"/>
  <testcase name="When User sends Request Text &quot;Senior Manager&quot;" classname="| Senior Manager | Yes or No |" time="0"/>
  <testcase name="Then PruBuddy sends Response Text &quot;Yes or No&quot;" classname="| Senior Manager | Yes or No |" time="0"/>
  <testcase name="| Senior Manager | Yes or No |" classname="| Senior Manager | Yes or No |" time="0.003"/>
  <testcase name="When User sends Request Text &quot;Yes&quot;" classname="| Yes | You are entitled to 22 days of leave per annum |" time="0"/>
  <testcase name="Then PruBuddy sends Response Text &quot;You are entitled to 22 days of leave per annum&quot;" classname="| Yes | You are entitled to 22 days of leave per annum |" time="0"/>
  <testcase name="| Yes | You are entitled to 22 days of leave per annum |" classname="| Yes | You are entitled to 22 days of leave per annum |" time="0.001"/>
  <testcase name="When User sends Request Text &quot;Long Leave Service&quot;" classname="| Long Leave Service | How many years are you with PACS? |" time="0"/>
  <testcase name="Then PruBuddy sends Response Text &quot;How many years are you with PACS?&quot;" classname="| Long Leave Service | How many years are you with PACS? |" time="0"/>
  <testcase name="| Long Leave Service | How many years are you with PACS? |" classname="| Long Leave Service | How many years are you with PACS? |" time="0.001"/>
  <testcase name="When User sends Request Text &quot;10 years or longer&quot;" classname="| 10 years or longer | Yes |" time="0"/>
  <testcase name="Then PruBuddy sends Response Text &quot;Yes&quot;" classname="| 10 years or longer | Yes |" time="0"/>
  <testcase name="| 10 years or longer | Yes |" classname="| 10 years or longer | Yes |" time="0.001"/>
  <testcase name="When User sends Request Text &quot;Working hours&quot;" classname="| Working hours | Are you working in head office or customer centre? |" time="0"/>
  <testcase name="Then PruBuddy sends Response Text &quot;Are you working in head office or customer centre?&quot;" classname="| Working hours | Are you working in head office or customer centre? |" time="0"/>
  <testcase name="| Working hours | Are you working in head office or customer centre? |" classname="| Working hours | Are you working in head office or customer centre? |" time="0.002"/>
  <testcase name="When User sends Request Text &quot;Head office&quot;" classname="| Head office | Normal Working Hours:8.30 am |" time="0"/>
  <testcase name="Then PruBuddy sends Response Text &quot;Normal Working Hours:8.30 am&quot;" classname="| Head office | Normal Working Hours:8.30 am |" time="0"/>
  <testcase name="| Head office | Normal Working Hours:8.30 am |" classname="| Head office | Normal Working Hours:8.30 am |" time="0.002"/>
  <testcase name="When User sends Request Text &quot;Annual wage Supplement&quot;" classname="| Annual wage Supplement | Annual wage Supplement |" time="0"/>
  <testcase name="Then PruBuddy sends Response Text &quot;Annual wage Supplement&quot;" classname="| Annual wage Supplement | Annual wage Supplement |" time="0"/>
  <testcase name="| Annual wage Supplement | Annual wage Supplement |" classname="| Annual wage Supplement | Annual wage Supplement |" time="0"/>
  <testcase name="When User sends Request Text &quot;My Travel Benifits&quot;" classname="| My Travel Benifits | job Level |" time="0"/>
  <testcase name="Then PruBuddy sends Response Text &quot;job Level&quot;" classname="| My Travel Benifits | job Level |" time="0"/>
  <testcase name="| My Travel Benifits | job Level |" classname="| My Travel Benifits | job Level |" time="0"/>
  <testcase name="When User sends Request Text &quot;Associate VP &amp; Below&quot;" classname="| Associate VP &amp; Below | airline |" time="0"/>
  <testcase name="Then PruBuddy sends Response Text &quot;airline&quot;" classname="| Associate VP &amp; Below | airline |" time="0"/>
  <testcase name="| Associate VP &amp; Below | airline |" classname="| Associate VP &amp; Below | airline |" time="0"/>
  <testcase name="When User sends Request Text &quot;Who is my Hr Partner&quot;" classname="| Who is my Hr Partner | HR-related matters |" time="0"/>
  <testcase name="Then PruBuddy sends Response Text &quot;HR-related matters&quot;" classname="| Who is my Hr Partner | HR-related matters |" time="0"/>
  <testcase name="| Who is my Hr Partner | HR-related matters |" classname="| Who is my Hr Partner | HR-related matters |" time="0"/>
</testsuite>